Artelys Knitro 11.1.2: threads=16
maxtime_real=300
ma_maxtime_real=300
mip_maxtime_real=300
ms_maxtime_real=300
tuner_maxtime_real=300
Knitro 11.1.2: MIP: All nodes have been explored. Integer feasible point found.
objective 0.03590663756; integrality gap 3.24e-05
3 nodes; 4 subproblem solves

suffix feaserror OUT;
suffix opterror OUT;
suffix numfcevals OUT;
suffix numiters OUT;
suffix incumbent OUT;
suffix relaxbnd OUT;
avg_delay = 0.0359066

distance_sf[s,f] [*,*]
:        f0         f1         f2       :=
s0    0.002945   0.009891   0.013292
s1    0.00839    0.002338   0.016461
s10   0.012114   0.006068   0.014118
s11   0.015035   0.008963   0.024008
s12   0.007578   0.001991   0.015339
s13   0.010981   0.006931   0.020504
s14   0.000897   0.008349   0.011224
s15   0.007605   0.001482   0.014514
s16   0.010865   0.015568   0.000748
s17   0.004773   0.006362   0.009481
s18   0.010592   0.001848   0.016129
s19   0.004065   0.005252   0.011366
s2    0.011649   0.004594   0.019868
s3    0.010654   0.001581   0.017016
s4    0.014126   0.012162   0.024429
s5    0.007937   0.00135    0.015255
s6    0.011372   0.002506   0.018118
s7    0.010227   0.003626   0.018525
s8    0.010052   0.003862   0.018528
s9    0.009038   0.002936   0.017327
;

distance_fc[f,c] :=
f0 c0   0.006387
f1 c0   0.00369
f2 c0   0.015117
;

lambda[s] [*] :=
 s0  7.5
 s1  7.5
s10  7.5
s11  7.5
s12  7.5
s13  7.5
s14  7.5
s15  7.5
s16  7.5
s17  7.5
s18  7.5
s19  7.5
 s2  7.5
 s3  7.5
 s4  7.5
 s5  7.5
 s6  7.5
 s7  7.5
 s8  7.5
 s9  7.5
;

mu[f] [*] :=
f0  100
f1  100
f2  100
;

X[s,f] [*,*]
:    f0  f1  f2    :=
s0    1   0   0
s1    1   0   0
s10   0   0   1
s11   1   0   0
s12   0   0   1
s13   1   0   0
s14   1   0   0
s15   0   0   1
s16   0   0   1
s17   0   0   1
s18   0   1   0
s19   0   0   1
s2    0   1   0
s3    0   1   0
s4    1   0   0
s5    0   1   0
s6    0   1   0
s7    0   1   0
s8    0   1   0
s9    1   0   0
;

Y[f,c] :=
f0 c0   1
f1 c0   1
f2 c0   1
;

